[Licensing::Module] Trying to connect to existing licensing client channel...
Built from '6000.3/staging' branch; Version is '6000.3.2f1 (a9779f353c9b) revision 11106207'; Using compiler version '194234433'; Build Type 'Release'
OS: 'Windows 11  (10.0.26200) 64bit CoreSingleLanguage' Language: 'en' Physical Memory: 8013 MB
[Licensing::IpcConnector] Channel LicenseClient-ADMIN doesn't exist
BatchMode: 1, IsHumanControllingUs: 0, StartBugReporterOnCrash: 0, Is64bit: 1
Date: 2026-04-09T11:55:14Z
[Licensing::Module] Successfully launched the LicensingClient (PId: 17724)

COMMAND LINE ARGUMENTS:
T:\WorkTools\unity\Editor\6000.3.2f1\Editor\Unity.exe
-batchmode
-quit
-nographics
-projectPath
d:\fookbase\game\unity-blood-fortress
-executeMethod
BloodFortress.EditorTools.VerticalSliceBuildTools.BuildWebGLCI
-buildOutput
d:\fookbase\frontend\public\unity\hiep-si-dang-phao-dai-mau
-logFile
d:\fookbase\game\unity-build.log
Successfully changed project path to: d:\fookbase\game\unity-blood-fortress
D:/fookbase/game/unity-blood-fortress
[UnityMemory] Configuration Parameters - Can be set up in boot.config
    "memorysetup-temp-allocator-size-nav-mesh-worker=65536"
    "memorysetup-temp-allocator-size-audio-worker=65536"
    "memorysetup-temp-allocator-size-gfx=262144"
    "memorysetup-allocator-temp-initial-block-size-main=262144"
    "memorysetup-allocator-temp-initial-block-size-worker=262144"
    "memorysetup-temp-allocator-size-background-worker=32768"
    "memorysetup-temp-allocator-size-job-worker=262144"
    "memorysetup-temp-allocator-size-preload-manager=33554432"
    "memorysetup-temp-allocator-size-gi-baking-worker=262144"
    "memorysetup-temp-allocator-size-gi-baking-worker=262144"
    "memorysetup-temp-allocator-size-gi-baking-worker=262144"
    "memorysetup-temp-allocator-size-gi-baking-worker=262144"
    "memorysetup-temp-allocator-size-gi-baking-worker=262144"
    "memorysetup-bucket-allocator-granularity=16"
    "memorysetup-bucket-allocator-bucket-count=8"
    "memorysetup-bucket-allocator-block-size=33554432"
    "memorysetup-bucket-allocator-block-count=8"
    "memorysetup-main-allocator-block-size=16777216"
    "memorysetup-thread-allocator-block-size=16777216"
    "memorysetup-gfx-main-allocator-block-size=16777216"
    "memorysetup-gfx-thread-allocator-block-size=16777216"
    "memorysetup-cache-allocator-block-size=4194304"
    "memorysetup-typetree-allocator-block-size=2097152"
    "memorysetup-profiler-bucket-allocator-granularity=16"
    "memorysetup-profiler-bucket-allocator-bucket-count=8"
    "memorysetup-profiler-bucket-allocator-block-size=33554432"
    "memorysetup-profiler-bucket-allocator-block-count=8"
    "memorysetup-profiler-allocator-block-size=16777216"
    "memorysetup-profiler-editor-allocator-block-size=1048576"
    "memorysetup-temp-allocator-size-main=16777216"
    "memorysetup-job-temp-allocator-block-size=2097152"
    "memorysetup-job-temp-allocator-block-size-background=1048576"
    "memorysetup-job-temp-allocator-reduction-small-platforms=262144"
    "memorysetup-temp-allocator-size-cloud-worker=32768"
Player connection [18292]  Target information:

Player connection [18292]  * "[IP] 26.182.78.169 [Port] 55504 [Flags] 2 [Guid] 2144672005 [EditorId] 2144672005 [Version] 1048832 [Id] WindowsEditor(7,MSI) [Debug] 1 [PackageName] WindowsEditor [ProjectName] Editor" 

Player connection [18292]  * "[IP] 172.18.128.1 [Port] 55504 [Flags] 2 [Guid] 2144672005 [EditorId] 2144672005 [Version] 1048832 [Id] WindowsEditor(7,MSI) [Debug] 1 [PackageName] WindowsEditor [ProjectName] Editor" 

Player connection [18292]  * "[IP] 192.168.1.10 [Port] 55504 [Flags] 2 [Guid] 2144672005 [EditorId] 2144672005 [Version] 1048832 [Id] WindowsEditor(7,MSI) [Debug] 1 [PackageName] WindowsEditor [ProjectName] Editor" 

Player connection [18292] Host joined multi-casting on [225.0.0.222:54997]...
Player connection [18292] Host joined alternative multi-casting on [225.0.0.222:34997]...
Input System module state changed to: Initialized.
[Physics::Module] Initialized fallback backend.
[Physics::Module] Id: 0xdecafbad
[Package Manager] Connected to IPC stream "Upm-22896" after 0.3 seconds.
[Licensing::Module] Licensing is not yet initialized.
[Licensing::IpcConnector] Successfully connected to: "LicenseClient-ADMIN" at "2026-04-09T11:55:24.420926Z"
[Licensing::Client] Handshaking with LicensingClient:
  Version:                 1.17.4+4293ba1
  Session Id:              36230aa568ad45aa9cd827e5d2fd42ea
  Correlation Id:          adc1ef765a7ba0dff0b250e232e73254
  External correlation Id: 7239699438141935976
  Machine Id:              NTE04UDY8I8q2oxrShsE7uCY32k=
[Licensing::Module] Successfully connected to LicensingClient on channel: "LicenseClient-ADMIN" (connect: 9.84s, validation: 0.82s, handshake: 3.34s)
[Licensing::IpcConnector] Successfully connected to: "LicenseClient-ADMIN-notifications" at "2026-04-09T11:55:28.588776Z"
[Licensing::Module] Connected to LicensingClient (PId: 17724, launch time: 0.09, total connection time: 14.01s)
[Licensing::Module] Error: Access token is unavailable; failed to update
[Licensing::Client] Error: Code 404 while processing request (status: Found 0 entitlement groups and 0 free entitlements matching requested entitlement ids)
[Licensing::Client] Successfully updated license, isAsync: False, time: 0.04
[Licensing::Client] Error: Code 404 while processing request (status: Found 0 entitlement groups and 0 free entitlements matching requested entitlement ids)
[Licensing::Module] Error: 'com.unity.editor.headless' was not found.
[Licensing::Module] Licensing Background thread has ended after 14.18s
[Licensing::Module] Licensing is initialized (took 9.07s).
[Licensing::Client] Error: Code 404 while processing request (status: Found 0 entitlement groups and 0 free entitlements matching requested entitlement ids)
[Licensing::Module] Error: 'com.unity.editor.headless' was not found.
[Licensing::Client] Error: Code 404 while processing request (status: Found 0 entitlement groups and 0 free entitlements matching requested entitlement ids)
No valid Unity Editor license found. Please activate your license.
Exiting without the bug reporter. Application will terminate with return code 198